<?xml version="1.0" encoding="UTF-8" ?>
<testsuite failures="0" time="0.049" errors="0" skipped="0" tests="6" name="org.dcm4chee.docstore.DocumentStorageListenerTest">
  <properties>
    <property name="java.runtime.name" value="Java(TM) SE Runtime Environment"/>
    <property name="sun.boot.library.path" value="C:\Program Files\Java\jdk1.6.0_38\jre\bin"/>
    <property name="java.vm.version" value="20.13-b02"/>
    <property name="java.vm.vendor" value="Sun Microsystems Inc."/>
    <property name="java.vendor.url" value="http://java.sun.com/"/>
    <property name="path.separator" value=";"/>
    <property name="guice.disable.misplaced.annotation.check" value="true"/>
    <property name="java.vm.name" value="Java HotSpot(TM) Client VM"/>
    <property name="file.encoding.pkg" value="sun.io"/>
    <property name="user.country" value="US"/>
    <property name="sun.java.launcher" value="SUN_STANDARD"/>
    <property name="sun.os.patch.level" value=""/>
    <property name="java.vm.specification.name" value="Java Virtual Machine Specification"/>
    <property name="user.dir" value="C:\dcm4chee\SRC\dcm4che-svn-18306-dcm4chee-dcm4chee-docstore-tags-DCM4CHEE_XDS_1_0_3"/>
    <property name="java.runtime.version" value="1.6.0_38-ea-b04"/>
    <property name="java.awt.graphicsenv" value="sun.awt.Win32GraphicsEnvironment"/>
    <property name="java.endorsed.dirs" value="C:\Program Files\Java\jdk1.6.0_38\jre\lib\endorsed"/>
    <property name="os.arch" value="x86"/>
    <property name="java.io.tmpdir" value="C:\Users\Satya\AppData\Local\Temp\"/>
    <property name="line.separator" value="
"/>
    <property name="java.vm.specification.vendor" value="Sun Microsystems Inc."/>
    <property name="user.variant" value=""/>
    <property name="os.name" value="Windows 7"/>
    <property name="classworlds.conf" value="C:\dcm4chee\apache-maven-3.2.2\bin\m2.conf"/>
    <property name="sun.jnu.encoding" value="Cp1252"/>
    <property name="java.library.path" value="C:\Program Files\Java\jdk1.6.0_38\bin;C:\Windows\Sun\Java\bin;C:\Windows\system32;C:\Windows;C:\Windows\system32;C:\Windows;C:\Windows\System32\Wbem;C:\Windows\System32\WindowsPowerShell\v1.0\;C:\Program Files\Intel\OpenCL SDK\2.0\bin\x86;C:\Program Files\CMake\bin;C:\Program Files\TortoiseSVN\bin;C:\Program Files\Java\jdk1.6.0_38\bin;C:\Program Files\Mercurial;C:\Program Files\CMake\bin;C:\Python34;C:\Program Files\7-Zip;C:\Program Files\CodeBlocks\MinGW\bin;C:\Python34;C:\MinGW\bin;C:\MinGW\mingw32\bin;C:\xampp\mysql\bin;C:\dcm4chee\apache-ant-1.9.4\bin;C:\dcm4chee\apache-maven-3.2.2\bin;."/>
    <property name="java.specification.name" value="Java Platform API Specification"/>
    <property name="java.class.version" value="50.0"/>
    <property name="sun.management.compiler" value="HotSpot Client Compiler"/>
    <property name="os.version" value="6.1"/>
    <property name="user.home" value="C:\Users\Satya"/>
    <property name="user.timezone" value="Asia/Calcutta"/>
    <property name="java.awt.printerjob" value="sun.awt.windows.WPrinterJob"/>
    <property name="file.encoding" value="Cp1252"/>
    <property name="java.specification.version" value="1.6"/>
    <property name="user.name" value="Satya"/>
    <property name="java.class.path" value="C:\dcm4chee\apache-maven-3.2.2\boot\plexus-classworlds-2.5.1.jar"/>
    <property name="org.slf4j.simpleLogger.defaultLogLevel" value="info"/>
    <property name="java.vm.specification.version" value="1.0"/>
    <property name="sun.arch.data.model" value="32"/>
    <property name="java.home" value="C:\Program Files\Java\jdk1.6.0_38\jre"/>
    <property name="sun.java.command" value="org.codehaus.plexus.classworlds.launcher.Launcher install"/>
    <property name="java.specification.vendor" value="Sun Microsystems Inc."/>
    <property name="user.language" value="en"/>
    <property name="awt.toolkit" value="sun.awt.windows.WToolkit"/>
    <property name="java.vm.info" value="mixed mode, sharing"/>
    <property name="java.version" value="1.6.0_38-ea"/>
    <property name="java.ext.dirs" value="C:\Program Files\Java\jdk1.6.0_38\jre\lib\ext;C:\Windows\Sun\Java\lib\ext"/>
    <property name="sun.boot.class.path" value="C:\Program Files\Java\jdk1.6.0_38\jre\lib\resources.jar;C:\Program Files\Java\jdk1.6.0_38\jre\lib\rt.jar;C:\Program Files\Java\jdk1.6.0_38\jre\lib\sunrsasign.jar;C:\Program Files\Java\jdk1.6.0_38\jre\lib\jsse.jar;C:\Program Files\Java\jdk1.6.0_38\jre\lib\jce.jar;C:\Program Files\Java\jdk1.6.0_38\jre\lib\charsets.jar;C:\Program Files\Java\jdk1.6.0_38\jre\lib\modules\jdk.boot.jar;C:\Program Files\Java\jdk1.6.0_38\jre\classes"/>
    <property name="java.vendor" value="Sun Microsystems Inc."/>
    <property name="maven.home" value="C:\dcm4chee\apache-maven-3.2.2"/>
    <property name="file.separator" value="\"/>
    <property name="java.vendor.url.bug" value="http://java.sun.com/cgi-bin/bugreport.cgi"/>
    <property name="sun.cpu.endian" value="little"/>
    <property name="sun.io.unicode.encoding" value="UnicodeLittle"/>
    <property name="sun.desktop" value="windows"/>
    <property name="sun.cpu.isalist" value="pentium_pro+mmx pentium_pro pentium+mmx pentium i486 i386 i86"/>
  </properties>
  <testcase time="0.008" classname="org.dcm4chee.docstore.DocumentStorageListenerTest" name="testDocumentStored"/>
  <testcase time="0.006" classname="org.dcm4chee.docstore.DocumentStorageListenerTest" name="testDocumentCreated"/>
  <testcase time="0.027" classname="org.dcm4chee.docstore.DocumentStorageListenerTest" name="testDocumentDeleted"/>
  <testcase time="0.008" classname="org.dcm4chee.docstore.DocumentStorageListenerTest" name="testDocumentRetrieved"/>
  <testcase time="0" classname="org.dcm4chee.docstore.DocumentStorageListenerTest" name="testDocumentCommitted"/>
  <testcase time="0" classname="org.dcm4chee.docstore.DocumentStorageListenerTest" name="testStorageAvailabilityChanged"/>
</testsuite>